<?xml version="1.0" encoding="UTF-8"?>
<!-- Generated by org.testng.reporters.JUnitReportReporter -->
<testsuite hostname="Hasan" failures="0" tests="3" name="com.qa.mypom.test.AccountsPageTest" time="0.269" errors="0" timestamp="29 Sep 2022 03:58:32 GMT" skipped="0">
  <testcase classname="com.qa.mypom.test.AccountsPageTest" name="accPageTitleTest" time="0.014"/>
  <testcase classname="com.qa.mypom.test.AccountsPageTest" name="isLogoutLinkExist" time="0.065"/>
  <testcase classname="com.qa.mypom.test.AccountsPageTest" name="accHeadersTest" time="0.190"/>
</testsuite> <!-- com.qa.mypom.test.AccountsPageTest -->
