<?xml version="1.0" encoding="UTF-8"?>
<!-- Generated by org.testng.reporters.JUnitReportReporter -->
<testsuite hostname="Hasan" failures="0" tests="4" name="com.qa.mypom.test.LoginPageTest" time="1.099" errors="0" timestamp="29 Sep 2022 03:58:32 GMT" skipped="0">
  <testcase classname="com.qa.mypom.test.LoginPageTest" name="forgotPwdLinkExist" time="0.088"/>
  <testcase classname="com.qa.mypom.test.LoginPageTest" name="loginTest" time="0.957"/>
  <testcase classname="com.qa.mypom.test.LoginPageTest" name="loginPageTitleTest" time="0.034"/>
  <testcase classname="com.qa.mypom.test.LoginPageTest" name="loginPageUrlTest" time="0.020"/>
</testsuite> <!-- com.qa.mypom.test.LoginPageTest -->
