<?xml version="1.0" encoding="UTF-8"?>
<!-- Generated by org.testng.reporters.JUnitReportReporter -->
<testsuite hostname="Hasan" failures="0" tests="3" name="com.qa.mypom.test.RegisterTest" time="9.820" errors="0" timestamp="26 Sep 2022 22:16:15 GMT" skipped="0">
  <testcase classname="com.qa.mypom.test.RegisterTest" name="userRegiTest" time="3.457"/>
  <testcase classname="com.qa.mypom.test.RegisterTest" name="userRegiTest" time="2.956"/>
  <testcase classname="com.qa.mypom.test.RegisterTest" name="userRegiTest" time="3.407"/>
</testsuite> <!-- com.qa.mypom.test.RegisterTest -->
