<?xml version="1.0" encoding="UTF-8"?>
<!-- Generated by org.testng.reporters.JUnitReportReporter -->
<testsuite hostname="Hasan" failures="0" tests="8" name="com.qa.mypom.test.ProductSearchPageTest" time="13.679" errors="0" timestamp="29 Sep 2022 03:58:32 GMT" skipped="0">
  <testcase classname="com.qa.mypom.test.ProductSearchPageTest" name="productImagesCountTest" time="1.596"/>
  <testcase classname="com.qa.mypom.test.ProductSearchPageTest" name="productImagesCountTest" time="1.913"/>
  <testcase classname="com.qa.mypom.test.ProductSearchPageTest" name="productDataTest" time="2.536"/>
  <testcase classname="com.qa.mypom.test.ProductSearchPageTest" name="productSearchTest" time="1.833"/>
  <testcase classname="com.qa.mypom.test.ProductSearchPageTest" name="productImagesCountTest" time="1.741"/>
  <testcase classname="com.qa.mypom.test.ProductSearchPageTest" name="productSearchTest" time="1.465"/>
  <testcase classname="com.qa.mypom.test.ProductSearchPageTest" name="productSearchTest" time="1.222"/>
  <testcase classname="com.qa.mypom.test.ProductSearchPageTest" name="productImagesCountTest" time="1.373"/>
</testsuite> <!-- com.qa.mypom.test.ProductSearchPageTest -->
