<?xml version="1.0" encoding="UTF-8"?>
<!-- Generated by org.testng.reporters.JUnitReportReporter -->
<testsuite skipped="8" hostname="Hasan" name="com.qa.mypom.test.ProductSearchPageTest" tests="8" failures="0" timestamp="28 Sep 2022 02:58:11 GMT" time="0.000" errors="0">
  <testcase name="productSearchTest" time="0.000" classname="com.qa.mypom.test.ProductSearchPageTest">
    <skipped/>
  </testcase> <!-- productSearchTest -->
  <testcase name="productDataTest" time="0.000" classname="com.qa.mypom.test.ProductSearchPageTest">
    <skipped/>
  </testcase> <!-- productDataTest -->
  <testcase name="productImagesCountTest" time="0.000" classname="com.qa.mypom.test.ProductSearchPageTest">
    <skipped/>
  </testcase> <!-- productImagesCountTest -->
  <testcase name="productSearchTest" time="0.000" classname="com.qa.mypom.test.ProductSearchPageTest">
    <skipped/>
  </testcase> <!-- productSearchTest -->
  <testcase name="productImagesCountTest" time="0.000" classname="com.qa.mypom.test.ProductSearchPageTest">
    <skipped/>
  </testcase> <!-- productImagesCountTest -->
  <testcase name="productImagesCountTest" time="0.000" classname="com.qa.mypom.test.ProductSearchPageTest">
    <skipped/>
  </testcase> <!-- productImagesCountTest -->
  <testcase name="productSearchTest" time="0.000" classname="com.qa.mypom.test.ProductSearchPageTest">
    <skipped/>
  </testcase> <!-- productSearchTest -->
  <testcase name="productImagesCountTest" time="0.000" classname="com.qa.mypom.test.ProductSearchPageTest">
    <skipped/>
  </testcase> <!-- productImagesCountTest -->
</testsuite> <!-- com.qa.mypom.test.ProductSearchPageTest -->
