<?xml version="1.0" encoding="UTF-8"?>
<!-- Generated by org.testng.reporters.JUnitReportReporter -->
<testsuite skipped="4" hostname="Hasan" name="com.qa.mypom.test.LoginPageTest" tests="4" failures="0" timestamp="28 Sep 2022 02:58:11 GMT" time="0.000" errors="0">
  <testcase name="loginPageUrlTest" time="0.000" classname="com.qa.mypom.test.LoginPageTest">
    <skipped/>
  </testcase> <!-- loginPageUrlTest -->
  <testcase name="loginTest" time="0.000" classname="com.qa.mypom.test.LoginPageTest">
    <skipped/>
  </testcase> <!-- loginTest -->
  <testcase name="forgotPwdLinkExist" time="0.000" classname="com.qa.mypom.test.LoginPageTest">
    <skipped/>
  </testcase> <!-- forgotPwdLinkExist -->
  <testcase name="loginPageTitleTest" time="0.000" classname="com.qa.mypom.test.LoginPageTest">
    <skipped/>
  </testcase> <!-- loginPageTitleTest -->
</testsuite> <!-- com.qa.mypom.test.LoginPageTest -->
