<?xml version="1.0" encoding="UTF-8"?>
<!-- Generated by org.testng.reporters.JUnitReportReporter -->
<testsuite skipped="3" hostname="Hasan" name="com.qa.mypom.test.AccountsPageTest" tests="3" failures="0" timestamp="28 Sep 2022 02:58:11 GMT" time="0.000" errors="0">
  <testcase name="accHeadersTest" time="0.000" classname="com.qa.mypom.test.AccountsPageTest">
    <skipped/>
  </testcase> <!-- accHeadersTest -->
  <testcase name="isLogoutLinkExist" time="0.000" classname="com.qa.mypom.test.AccountsPageTest">
    <skipped/>
  </testcase> <!-- isLogoutLinkExist -->
  <testcase name="accPageTitleTest" time="0.000" classname="com.qa.mypom.test.AccountsPageTest">
    <skipped/>
  </testcase> <!-- accPageTitleTest -->
</testsuite> <!-- com.qa.mypom.test.AccountsPageTest -->
